<?xml version="1.0" encoding="UTF-8"?>
<!-- Generated by org.testng.reporters.JUnitReportReporter -->
<testsuite hostname="MSI" failures="0" tests="1" name="loginTests.TC02_Login_Lock" time="0.185" errors="0" timestamp="2023-10-28T09:21:52 CST" skipped="0">
  <testcase classname="loginTests.TC02_Login_Lock" name="TC02" time="0.185"/>
  <system-out/>
</testsuite> <!-- loginTests.TC02_Login_Lock -->
