<?xml version="1.0" encoding="UTF-8"?>
<!-- Generated by org.testng.reporters.JUnitReportReporter -->
<testsuite ignored="0" hostname="MSI" failures="0" tests="1" name="pruebaSelenium.NewTest" time="5.440" errors="0" timestamp="30 sep. 2023 16:29:29 GMT" skipped="0">
  <testcase classname="pruebaSelenium.NewTest" name="f" time="5.440"/>
</testsuite> <!-- pruebaSelenium.NewTest -->
