<?xml version="1.0" encoding="UTF-8"?>
<!-- Generated by org.testng.reporters.JUnitReportReporter -->
<testsuite hostname="MSI" failures="0" tests="1" name="loginTests.TC04_LoginJson" time="0.184" errors="0" timestamp="2023-10-28T10:14:55 CST" skipped="0">
  <testcase classname="loginTests.TC04_LoginJson" name="TC04" time="0.184"/>
  <system-out/>
</testsuite> <!-- loginTests.TC04_LoginJson -->
