<?xml version="1.0" encoding="UTF-8"?>
<!-- Generated by org.testng.reporters.JUnitReportReporter -->
<testsuite hostname="MSI" failures="0" tests="1" name="inventoryTests.TC03_VerifyRemoveBtn" time="0.246" errors="0" timestamp="2023-10-28T09:21:52 CST" skipped="0">
  <testcase classname="inventoryTests.TC03_VerifyRemoveBtn" name="TC03" time="0.246"/>
  <system-out/>
</testsuite> <!-- inventoryTests.TC03_VerifyRemoveBtn -->
