<?xml version="1.0" encoding="UTF-8"?>
<!-- Generated by org.testng.reporters.JUnitReportReporter -->
<testsuite hostname="MSI" failures="0" tests="1" name="loginTests.TC05_LoginExcel" time="0.526" errors="0" timestamp="2023-10-28T10:26:26 CST" skipped="0">
  <testcase classname="loginTests.TC05_LoginExcel" name="TC05" time="0.526"/>
  <system-out/>
</testsuite> <!-- loginTests.TC05_LoginExcel -->
