<?xml version="1.0" encoding="UTF-8"?>
<!-- Generated by org.testng.reporters.JUnitReportReporter -->
<testsuite hostname="MSI" failures="0" tests="1" name="loginTests.TC01_Login" time="0.844" errors="0" timestamp="2023-10-27T22:39:44 CST" skipped="0">
  <testcase classname="loginTests.TC01_Login" name="TC01" time="0.844"/>
  <system-out/>
</testsuite> <!-- loginTests.TC01_Login -->
