<?xml version="1.0" encoding="UTF-8"?>
<!-- Generated by org.testng.reporters.JUnitReportReporter -->
<testsuite ignored="0" hostname="MSI" failures="0" tests="1" name="loginTests.TC02_Login_Lock" time="0.187" errors="0" timestamp="21 oct. 2023 17:43:15 GMT" skipped="0">
  <testcase classname="loginTests.TC02_Login_Lock" name="TC02" time="0.187"/>
</testsuite> <!-- loginTests.TC02_Login_Lock -->
